<?xml version="1.0" encoding="UTF-8"?>
<!-- Generated by org.testng.reporters.JUnitReportReporter -->
<testsuite hostname="DESKTOP-68TEQ6G" failures="0" tests="1" name="assigment.Demo" time="93.449" errors="0" timestamp="2023-02-09T13:31:59 IST" skipped="0">
  <testcase classname="assigment.Demo" name="login" time="93.449"/>
  <system-out/>
</testsuite> <!-- assigment.Demo -->
