<?xml version="1.0" encoding="UTF-8"?>
<!-- Generated by org.testng.reporters.JUnitReportReporter -->
<testsuite hostname="DESKTOP-68TEQ6G" failures="0" tests="1" name="internship.Demo" time="96.525" errors="0" timestamp="2023-02-11T11:38:16 IST" skipped="0">
  <testcase classname="internship.Demo" name="login" time="96.525"/>
  <system-out/>
</testsuite> <!-- internship.Demo -->
